0 info it worked if it ends with ok
1 verbose cli [ 'C:\\Program Files\\nodejs\\node.exe',
1 verbose cli   'C:\\Program Files\\nodejs\\node_modules\\npm\\bin\\npm-cli.js',
1 verbose cli   'install',
1 verbose cli   'colors' ]
2 info using npm@2.15.5
3 info using node@v4.4.5
4 verbose install initial load of C:\Project\reactJS\package.json
5 verbose installManyTop reading scoped package data from C:\Project\reactJS\node_modules\readline-sync\package.json
6 verbose readDependencies loading dependencies from C:\Project\reactJS\package.json
7 silly cache add args [ 'colors', null ]
8 verbose cache add spec colors
9 silly cache add parsed spec Result {
9 silly cache add   raw: 'colors',
9 silly cache add   scope: null,
9 silly cache add   name: 'colors',
9 silly cache add   rawSpec: '',
9 silly cache add   spec: 'latest',
9 silly cache add   type: 'tag' }
10 silly addNamed colors@latest
11 verbose addNamed "latest" is being treated as a dist-tag for colors
12 info addNameTag [ 'colors', 'latest' ]
13 silly mapToRegistry name colors
14 silly mapToRegistry using default registry
15 silly mapToRegistry registry https://registry.npmjs.org/
16 silly mapToRegistry data Result {
16 silly mapToRegistry   raw: 'colors',
16 silly mapToRegistry   scope: null,
16 silly mapToRegistry   name: 'colors',
16 silly mapToRegistry   rawSpec: '',
16 silly mapToRegistry   spec: 'latest',
16 silly mapToRegistry   type: 'tag' }
17 silly mapToRegistry uri https://registry.npmjs.org/colors
18 verbose addNameTag registry:https://registry.npmjs.org/colors not in flight; fetching
19 verbose request uri https://registry.npmjs.org/colors
20 verbose request no auth needed
21 info attempt registry request try #1 at 4:49:18 PM
22 verbose request id 543172773718d8c3
23 verbose etag "4W7RTZC6VAPV27D4QUU7GN68J"
24 http request GET https://registry.npmjs.org/colors
25 info retry will retry, error on last attempt: Error: getaddrinfo ENOTFOUND registry.npmjs.org registry.npmjs.org:443
26 info attempt registry request try #2 at 4:49:28 PM
27 verbose etag "4W7RTZC6VAPV27D4QUU7GN68J"
28 http request GET https://registry.npmjs.org/colors
29 info retry will retry, error on last attempt: Error: getaddrinfo ENOTFOUND registry.npmjs.org registry.npmjs.org:443
30 info attempt registry request try #3 at 4:50:28 PM
31 verbose etag "4W7RTZC6VAPV27D4QUU7GN68J"
32 http request GET https://registry.npmjs.org/colors
33 silly get cb [ 304, undefined ]
34 verbose etag https://registry.npmjs.org/colors from cache
35 verbose get saving colors to C:\Users\ranandam\AppData\Roaming\npm-cache\registry.npmjs.org\colors\.cache.json
36 verbose correctMkdir C:\Users\ranandam\AppData\Roaming\npm-cache correctMkdir not in flight; initializing
37 silly addNameTag next cb for colors with tag latest
38 silly addNamed colors@1.1.0
39 verbose addNamed "1.1.0" is a plain semver version for colors
40 silly mapToRegistry name colors
41 silly mapToRegistry using default registry
42 silly mapToRegistry registry https://registry.npmjs.org/
43 silly mapToRegistry data Result {
43 silly mapToRegistry   raw: 'colors',
43 silly mapToRegistry   scope: null,
43 silly mapToRegistry   name: 'colors',
43 silly mapToRegistry   rawSpec: '',
43 silly mapToRegistry   spec: 'latest',
43 silly mapToRegistry   type: 'tag' }
44 silly mapToRegistry uri https://registry.npmjs.org/colors
45 verbose addRemoteTarball https://registry.npmjs.org/colors/-/colors-1.1.0.tgz not in flight; adding
46 verbose addRemoteTarball [ 'https://registry.npmjs.org/colors/-/colors-1.1.0.tgz',
46 verbose addRemoteTarball   'ea2b7dfd38a7bb631323d29b108fa78fd16dc523' ]
47 info retry fetch attempt 1 at 4:50:28 PM
48 info attempt registry request try #1 at 4:50:28 PM
49 http fetch GET https://registry.npmjs.org/colors/-/colors-1.1.0.tgz
50 info retry will retry, error on last attempt: Error: getaddrinfo ENOTFOUND registry.npmjs.org registry.npmjs.org:443
51 info attempt registry request try #2 at 4:50:38 PM
52 http fetch GET https://registry.npmjs.org/colors/-/colors-1.1.0.tgz
53 info retry will retry, error on last attempt: Error: getaddrinfo ENOTFOUND registry.npmjs.org registry.npmjs.org:443
54 info attempt registry request try #3 at 4:51:38 PM
55 http fetch GET https://registry.npmjs.org/colors/-/colors-1.1.0.tgz
56 error fetch failed https://registry.npmjs.org/colors/-/colors-1.1.0.tgz
57 warn retry will retry, error on last attempt: Error: getaddrinfo ENOTFOUND registry.npmjs.org registry.npmjs.org:443
58 info retry fetch attempt 2 at 4:51:48 PM
59 info attempt registry request try #1 at 4:51:48 PM
60 http fetch GET https://registry.npmjs.org/colors/-/colors-1.1.0.tgz
61 info retry will retry, error on last attempt: Error: getaddrinfo ENOTFOUND registry.npmjs.org registry.npmjs.org:443
62 info attempt registry request try #2 at 4:51:58 PM
63 http fetch GET https://registry.npmjs.org/colors/-/colors-1.1.0.tgz
64 info retry will retry, error on last attempt: Error: getaddrinfo ENOTFOUND registry.npmjs.org registry.npmjs.org:443
65 info attempt registry request try #3 at 4:52:58 PM
66 http fetch GET https://registry.npmjs.org/colors/-/colors-1.1.0.tgz
67 error fetch failed https://registry.npmjs.org/colors/-/colors-1.1.0.tgz
68 warn retry will retry, error on last attempt: Error: getaddrinfo ENOTFOUND registry.npmjs.org registry.npmjs.org:443
69 info retry fetch attempt 3 at 4:53:58 PM
70 info attempt registry request try #1 at 4:53:58 PM
71 http fetch GET https://registry.npmjs.org/colors/-/colors-1.1.0.tgz
72 info retry will retry, error on last attempt: Error: getaddrinfo ENOTFOUND registry.npmjs.org registry.npmjs.org:443
73 info attempt registry request try #2 at 4:54:08 PM
74 http fetch GET https://registry.npmjs.org/colors/-/colors-1.1.0.tgz
75 info retry will retry, error on last attempt: Error: getaddrinfo ENOTFOUND registry.npmjs.org registry.npmjs.org:443
76 info attempt registry request try #3 at 4:55:08 PM
77 http fetch GET https://registry.npmjs.org/colors/-/colors-1.1.0.tgz
78 error fetch failed https://registry.npmjs.org/colors/-/colors-1.1.0.tgz
79 verbose stack Error: getaddrinfo ENOTFOUND registry.npmjs.org registry.npmjs.org:443
79 verbose stack     at errnoException (dns.js:27:10)
79 verbose stack     at GetAddrInfoReqWrap.onlookup [as oncomplete] (dns.js:78:26)
80 verbose cwd C:\Project\reactJS
81 error Windows_NT 6.1.7601
82 error argv "C:\\Program Files\\nodejs\\node.exe" "C:\\Program Files\\nodejs\\node_modules\\npm\\bin\\npm-cli.js" "install" "colors"
83 error node v4.4.5
84 error npm  v2.15.5
85 error code ENOTFOUND
86 error errno ENOTFOUND
87 error syscall getaddrinfo
88 error network getaddrinfo ENOTFOUND registry.npmjs.org registry.npmjs.org:443
88 error network This is most likely not a problem with npm itself
88 error network and is related to network connectivity.
88 error network In most cases you are behind a proxy or have bad network settings.
88 error network
88 error network If you are behind a proxy, please make sure that the
88 error network 'proxy' config is set properly.  See: 'npm help config'
89 verbose exit [ 1, true ]
